------------------------------------------------
ðŸš— CAREAUTOPRO â€“ BUILD ANDROID DEBUG
â–¶ node -v
v24.11.1
â–¶ npm -v
11.6.2
â–¶ npm install

up to date, audited 534 packages in 2s

126 packages are looking for funding
  run `npm fund` for details

5 vulnerabilities (3 moderate, 2 high)

To address all issues (including breaking changes), run:
  npm audit fix --force

Run `npm audit` for details.
â–¶ npm install @capacitor/core @capacitor/android

up to date, audited 534 packages in 1s

126 packages are looking for funding
  run `npm fund` for details

5 vulnerabilities (3 moderate, 2 high)

To address all issues (including breaking changes), run:
  npm audit fix --force

Run `npm audit` for details.
â–¶ npm install -D @capacitor/cli

up to date, audited 534 packages in 1s

126 packages are looking for funding
  run `npm fund` for details

5 vulnerabilities (3 moderate, 2 high)

To address all issues (including breaking changes), run:
  npm audit fix --force

Run `npm audit` for details.
â–¶ npm run build

> careautopro-pwa@1.0.0 build
> vite build

vite v5.4.21 building for production...
transforming...
âœ“ 4 modules transformed.
rendering chunks...
computing gzip size...
dist/index.html                1.17 kB â”‚ gzip: 0.56 kB
dist/assets/index-CVqpUk61.js  1.03 kB â”‚ gzip: 0.53 kB
âœ“ built in 799ms
â–¶ npx cap sync android
âœ” Copying web assets from dist to android/app/src/main/assets/public in 16.37ms
âœ” Creating capacitor.config.json in android/app/src/main/assets in 582.20Î¼s
âœ” copy android in 33.91ms
âœ” Updating Android plugins in 1.94ms
âœ” update android in 26.49ms
[info] Sync finished in 0.063s
â–¶ cd android && chmod +x gradlew && ./gradlew assembleDebug
Starting a Gradle Daemon, 2 incompatible and 1 stopped Daemons could not be reused, use --status for details

FAILURE: Build failed with an exception.

* Where:
Settings file '/workspaces/careautopro/android/settings.gradle' line: 5

* What went wrong:
A problem occurred evaluating settings 'android'.
> BUG! exception in phase 'semantic analysis' in source unit '_BuildScript_' Unsupported class file major version 69

* Try:
> Run with --stacktrace option to get the stack trace.
> Run with --info or --debug option to get more log output.
> Run with --scan to get full insights.
> Get more help at https://help.gradle.org.

BUILD FAILED in 6s
